Build started 2014/11/26 16:25:04.
     1>Project "D:\mylib\mylib\mvc\example\talkto\talkto.vcxproj" on node 2 (Build target(s)).
     1>ClCompile:
         C:\Program Files\Microsoft Visual Studio 12.0\VC\bin\CL.exe /c /I../../ /ZI /nologo /W3 /WX- /sdl /Od /Oy- /D _UNICODE /D UNICODE /Gm /EHsc /RTC1 /MDd /GS /fp:precise /Zc:wchar_t /Zc:forScope /Fo"Debug\\" /Fd"Debug\vc120.pdb" /Gd /TP /analyze- /errorReport:prompt logics.cpp main.cpp views.cpp
         views.cpp
     1>d:\mylib\mylib\mvc\mvcobject.h(120): warning C4290: C++ exception specification ignored except to indicate a function is not __declspec(nothrow)
                 d:\mylib\mylib\mvc\mvcobject.h(174) : see reference to class template instantiation 'arsee::ObjectsCollection<OBJS...>' being compiled
     1>d:\mylib\mylib\mvc\mvcobject.h(109): warning C4520: 'arsee::Object<member_list_t>' : multiple default constructors specified
                 d:\mylib\mylib\mvc\mvccontrol.h(47) : see reference to class template instantiation 'arsee::Object<member_list_t>' being compiled
                 d:\mylib\mylib\mvc\example\talkto\controls.h(28) : see reference to class template instantiation 'arsee::Control<member_list_obj_t,MemberLogin,arsee::Request>' being compiled
     1>d:\mylib\mylib\mvc\example\talkto\controls.h(32): error C2143: syntax error : missing ',' before '<'
                 d:\mylib\mylib\mvc\example\talkto\controls.h(38) : see reference to class template instantiation 'MemberLoginFilter<VIEW>' being compiled
     1>d:\mylib\mylib\mvc\example\talkto\controls.h(50): error C2143: syntax error : missing ',' before '<'
                 d:\mylib\mylib\mvc\example\talkto\controls.h(56) : see reference to class template instantiation 'MemberFilter<VIEW>' being compiled
         main.cpp
     1>d:\mylib\mylib\mvc\mvcobject.h(120): warning C4290: C++ exception specification ignored except to indicate a function is not __declspec(nothrow)
                 d:\mylib\mylib\mvc\mvcobject.h(174) : see reference to class template instantiation 'arsee::ObjectsCollection<OBJS...>' being compiled
     1>d:\mylib\mylib\mvc\mvcobject.h(109): warning C4520: 'arsee::Object<member_list_t>' : multiple default constructors specified
                 d:\mylib\mylib\mvc\mvccontrol.h(47) : see reference to class template instantiation 'arsee::Object<member_list_t>' being compiled
                 d:\mylib\mylib\mvc\example\talkto\controls.h(28) : see reference to class template instantiation 'arsee::Control<member_list_obj_t,MemberLogin,arsee::Request>' being compiled
     1>d:\mylib\mylib\mvc\example\talkto\controls.h(32): error C2143: syntax error : missing ',' before '<'
                 d:\mylib\mylib\mvc\example\talkto\controls.h(38) : see reference to class template instantiation 'MemberLoginFilter<VIEW>' being compiled
     1>d:\mylib\mylib\mvc\example\talkto\controls.h(50): error C2143: syntax error : missing ',' before '<'
                 d:\mylib\mylib\mvc\example\talkto\controls.h(56) : see reference to class template instantiation 'MemberFilter<VIEW>' being compiled
     1>d:\mylib\mylib\mvc\mvcview.h(70): warning C4520: 'arsee::View<MemberManageView>' : multiple default constructors specified
                 d:\mylib\mylib\mvc\example\talkto\main.cpp(8) : see reference to class template instantiation 'arsee::View<MemberManageView>' being compiled
     1>d:\mylib\mylib\mvc\mvcview.h(70): warning C4520: 'arsee::View<MemberView>' : multiple default constructors specified
                 d:\mylib\mylib\mvc\example\talkto\main.cpp(15) : see reference to class template instantiation 'arsee::View<MemberView>' being compiled
     1>d:\mylib\mylib\mvc\example\talkto\controls.h(34): error C3668: 'MemberLoginFilter<member_view_t>::Transform' : method with override specifier 'override' did not override any base class methods
     1>d:\mylib\mylib\mvc\example\talkto\main.cpp(17): error C2259: 'MemberLoginFilter<member_view_t>' : cannot instantiate abstract class
                 due to following members:
                 'arsee::RResponse<arsee::Object<member_list_t>>::FilterT::param_pack_t arsee::RResponse<arsee::Object<member_list_t>>::FilterT::Transform(std::basic_string<char,std::char_traits<char>,std::allocator<char>>,arsee::Object<member_list_t> *)' : is abstract
                 d:\mylib\mylib\mvc\mvcresponse.h(121) : see declaration of 'arsee::RResponse<arsee::Object<member_list_t>>::FilterT::Transform'
     1>d:\mylib\mylib\mvc\example\talkto\main.cpp(18): error C2664: 'void arsee::Control<member_list_obj_t,MemberLogin,arsee::Request>::AttachView(arsee::RResponse<arsee::Object<member_list_t>>::view_t *)' : cannot convert argument 1 from 'member_view_t *' to 'arsee::RResponse<arsee::Object<member_list_t>>::view_t *'
                 Types pointed to are unrelated; conversion requires reinterpret_cast, C-style cast or function-style cast
         Generating Code...
         Compiling...
         logics.cpp
     1>d:\mylib\mylib\mvc\mvcobject.h(120): warning C4290: C++ exception specification ignored except to indicate a function is not __declspec(nothrow)
                 d:\mylib\mylib\mvc\mvcobject.h(174) : see reference to class template instantiation 'arsee::ObjectsCollection<OBJS...>' being compiled
     1>d:\mylib\mylib\mvc\mvcobject.h(109): warning C4520: 'arsee::Object<Member>' : multiple default constructors specified
                 d:\mylib\mylib\mvc\example\talkto\logics.cpp(12) : see reference to class template instantiation 'arsee::Object<Member>' being compiled
     1>d:\mylib\mylib\mvc\mvcobject.h(109): warning C4520: 'arsee::Object<member_list_t>' : multiple default constructors specified
                 d:\mylib\mylib\mvc\example\talkto\logics.cpp(13) : see reference to class template instantiation 'arsee::Object<member_list_t>' being compiled
         Generating Code...
     1>Done Building Project "D:\mylib\mylib\mvc\example\talkto\talkto.vcxproj" (Build target(s)) -- FAILED.

Build FAILED.

Time Elapsed 00:00:02.18
